0 info it worked if it ends with ok
1 verbose cli [ '/Users/mrcrumpy/.nvm/versions/node/v7.3.0/bin/node',
1 verbose cli   '/Users/mrcrumpy/.nvm/versions/node/v7.3.0/bin/npm',
1 verbose cli   'run',
1 verbose cli   'watch' ]
2 info using npm@3.10.10
3 info using node@v7.3.0
4 verbose run-script [ 'prewatch', 'watch', 'postwatch' ]
5 info lifecycle static-page-boilerplate@1.0.0~prewatch: static-page-boilerplate@1.0.0
6 silly lifecycle static-page-boilerplate@1.0.0~prewatch: no script for prewatch, continuing
7 info lifecycle static-page-boilerplate@1.0.0~watch: static-page-boilerplate@1.0.0
8 verbose lifecycle static-page-boilerplate@1.0.0~watch: unsafe-perm in lifecycle true
9 verbose lifecycle static-page-boilerplate@1.0.0~watch: PATH: /Users/mrcrumpy/.nvm/versions/node/v7.3.0/lib/node_modules/npm/bin/node-gyp-bin:/Users/mrcrumpy/Sites/static-page-boilerplate/node_modules/.bin:/Applications/MAMP/bin/php/php5.6.25/bin:/Users/mrcrumpy/.nvm/versions/node/v7.3.0/bin:/usr/local/bin:/usr/bin:/bin:/usr/sbin:/sbin
10 verbose lifecycle static-page-boilerplate@1.0.0~watch: CWD: /Users/mrcrumpy/Sites/static-page-boilerplate
11 silly lifecycle static-page-boilerplate@1.0.0~watch: Args: [ '-c',
11 silly lifecycle   'webpack-dev-server --content-base build --config webpack.conf.js' ]
12 silly lifecycle static-page-boilerplate@1.0.0~watch: Returned: code: 1  signal: null
13 info lifecycle static-page-boilerplate@1.0.0~watch: Failed to exec watch script
14 verbose stack Error: static-page-boilerplate@1.0.0 watch: `webpack-dev-server --content-base build --config webpack.conf.js`
14 verbose stack Exit status 1
14 verbose stack     at EventEmitter.<anonymous> (/Users/mrcrumpy/.nvm/versions/node/v7.3.0/lib/node_modules/npm/lib/utils/lifecycle.js:255:16)
14 verbose stack     at emitTwo (events.js:106:13)
14 verbose stack     at EventEmitter.emit (events.js:191:7)
14 verbose stack     at ChildProcess.<anonymous> (/Users/mrcrumpy/.nvm/versions/node/v7.3.0/lib/node_modules/npm/lib/utils/spawn.js:40:14)
14 verbose stack     at emitTwo (events.js:106:13)
14 verbose stack     at ChildProcess.emit (events.js:191:7)
14 verbose stack     at maybeClose (internal/child_process.js:885:16)
14 verbose stack     at Process.ChildProcess._handle.onexit (internal/child_process.js:226:5)
15 verbose pkgid static-page-boilerplate@1.0.0
16 verbose cwd /Users/mrcrumpy/Sites/static-page-boilerplate
17 error Darwin 16.4.0
18 error argv "/Users/mrcrumpy/.nvm/versions/node/v7.3.0/bin/node" "/Users/mrcrumpy/.nvm/versions/node/v7.3.0/bin/npm" "run" "watch"
19 error node v7.3.0
20 error npm  v3.10.10
21 error code ELIFECYCLE
22 error static-page-boilerplate@1.0.0 watch: `webpack-dev-server --content-base build --config webpack.conf.js`
22 error Exit status 1
23 error Failed at the static-page-boilerplate@1.0.0 watch script 'webpack-dev-server --content-base build --config webpack.conf.js'.
23 error Make sure you have the latest version of node.js and npm installed.
23 error If you do, this is most likely a problem with the static-page-boilerplate package,
23 error not with npm itself.
23 error Tell the author that this fails on your system:
23 error     webpack-dev-server --content-base build --config webpack.conf.js
23 error You can get information on how to open an issue for this project with:
23 error     npm bugs static-page-boilerplate
23 error Or if that isn't available, you can get their info via:
23 error     npm owner ls static-page-boilerplate
23 error There is likely additional logging output above.
24 verbose exit [ 1, true ]
